{
  "RSpec": {
    "coverage": {
      "/home/muzz00ka/Desktop/T3A2-budget-tracker-app/budget_tracker_app_backend/app/models/user.rb": {
        "lines": [
          1,
          1,
          null
        ]
      },
      "/home/muzz00ka/Desktop/T3A2-budget-tracker-app/budget_tracker_app_backend/app/models/application_record.rb": {
        "lines": [
          1,
          1,
          null
        ]
      },
      "/home/muzz00ka/Desktop/T3A2-budget-tracker-app/budget_tracker_app_backend/app/controllers/application_controller.rb": {
        "lines": [
          1,
          null
        ]
      },
      "/home/muzz00ka/Desktop/T3A2-budget-tracker-app/budget_tracker_app_backend/app/controllers/users_controller.rb": {
        "lines": [
          1,
          1,
          null,
          null,
          1,
          3,
          null,
          3,
          null,
          null,
          null,
          1,
          0,
          null,
          0,
          null,
          null,
          null,
          1,
          5,
          5,
          5,
          2,
          null,
          2,
          null,
          3,
          null,
          null,
          null,
          null,
          null,
          1,
          0,
          0,
          null,
          0,
          null,
          null,
          null,
          null,
          1,
          0,
          0,
          null,
          null,
          1,
          null,
          null,
          1,
          0,
          null,
          null,
          null,
          1,
          5,
          null,
          null
        ]
      },
      "/home/muzz00ka/Desktop/T3A2-budget-tracker-app/budget_tracker_app_backend/app/controllers/secured_controller.rb": {
        "lines": [
          1,
          1,
          1,
          1,
          1,
          1,
          null,
          1,
          null,
          1,
          null,
          null,
          1,
          12,
          8,
          null,
          4,
          null,
          null,
          null,
          1,
          null,
          8,
          5,
          5,
          null,
          null,
          null,
          null
        ]
      },
      "/home/muzz00ka/Desktop/T3A2-budget-tracker-app/budget_tracker_app_backend/app/services/authorization_service.rb": {
        "lines": [
          1,
          1,
          12,
          null,
          null,
          1,
          12,
          null,
          null,
          1,
          null,
          1,
          12,
          8,
          null,
          null,
          null,
          1,
          12,
          null,
          null
        ]
      },
      "/home/muzz00ka/Desktop/T3A2-budget-tracker-app/budget_tracker_app_backend/app/lib/json_web_token.rb": {
        "lines": [
          null,
          1,
          1,
          null,
          1,
          1,
          12,
          null,
          null,
          null,
          null,
          null,
          null,
          8,
          null,
          null,
          null,
          1,
          8,
          8,
          8,
          null,
          null,
          null,
          16,
          null,
          null,
          null,
          null,
          null,
          null,
          null,
          null
        ]
      },
      "/home/muzz00ka/Desktop/T3A2-budget-tracker-app/budget_tracker_app_backend/app/jobs/application_job.rb": {
        "lines": [
          0,
          null,
          null,
          null,
          null,
          null,
          0
        ],
        "branches": {
        }
      },
      "/home/muzz00ka/Desktop/T3A2-budget-tracker-app/budget_tracker_app_backend/app/models/income.rb": {
        "lines": [
          0,
          0,
          0,
          null,
          0,
          0
        ],
        "branches": {
        }
      },
      "/home/muzz00ka/Desktop/T3A2-budget-tracker-app/budget_tracker_app_backend/app/models/expense.rb": {
        "lines": [
          0,
          0,
          0,
          null,
          0,
          0
        ],
        "branches": {
        }
      },
      "/home/muzz00ka/Desktop/T3A2-budget-tracker-app/budget_tracker_app_backend/app/models/goal.rb": {
        "lines": [
          0,
          0,
          0
        ],
        "branches": {
        }
      },
      "/home/muzz00ka/Desktop/T3A2-budget-tracker-app/budget_tracker_app_backend/app/models/category.rb": {
        "lines": [
          0,
          0,
          0
        ],
        "branches": {
        }
      },
      "/home/muzz00ka/Desktop/T3A2-budget-tracker-app/budget_tracker_app_backend/app/channels/application_cable/connection.rb": {
        "lines": [
          0,
          0,
          0,
          0
        ],
        "branches": {
        }
      },
      "/home/muzz00ka/Desktop/T3A2-budget-tracker-app/budget_tracker_app_backend/app/channels/application_cable/channel.rb": {
        "lines": [
          0,
          0,
          0,
          0
        ],
        "branches": {
        }
      },
      "/home/muzz00ka/Desktop/T3A2-budget-tracker-app/budget_tracker_app_backend/app/mailers/application_mailer.rb": {
        "lines": [
          0,
          0,
          0,
          0
        ],
        "branches": {
        }
      },
      "/home/muzz00ka/Desktop/T3A2-budget-tracker-app/budget_tracker_app_backend/app/controllers/expenses_controller.rb": {
        "lines": [
          0,
          0,
          null,
          0,
          null,
          0,
          0,
          0,
          null,
          null,
          0,
          0,
          0,
          0,
          0,
          null,
          null,
          null,
          0,
          null,
          0,
          0,
          0,
          0,
          null,
          0,
          0,
          0,
          0,
          0,
          0,
          0,
          null,
          null,
          null,
          0,
          0,
          0,
          0,
          0,
          0,
          0,
          null,
          null,
          null,
          0,
          0,
          0,
          0,
          null,
          0,
          null,
          0,
          0,
          0,
          null,
          null,
          0,
          0,
          0,
          0
        ],
        "branches": {
        }
      },
      "/home/muzz00ka/Desktop/T3A2-budget-tracker-app/budget_tracker_app_backend/app/controllers/categories_controller.rb": {
        "lines": [
          0,
          0,
          null,
          null,
          0,
          0,
          null,
          0,
          0,
          null,
          null,
          0,
          0,
          0,
          0,
          0,
          null,
          null,
          0,
          0,
          null,
          0,
          0,
          0,
          0,
          0,
          0,
          null,
          null,
          0,
          0,
          0,
          0,
          0,
          0,
          0,
          null,
          null,
          0,
          0,
          0,
          0,
          null,
          0,
          null,
          0,
          0,
          0,
          null,
          null,
          0,
          0,
          0,
          0
        ],
        "branches": {
        }
      },
      "/home/muzz00ka/Desktop/T3A2-budget-tracker-app/budget_tracker_app_backend/app/controllers/incomes_controller.rb": {
        "lines": [
          0,
          0,
          null,
          null,
          0,
          0,
          null,
          0,
          0,
          null,
          null,
          0,
          0,
          0,
          0,
          0,
          null,
          null,
          0,
          0,
          null,
          0,
          0,
          0,
          0,
          0,
          0,
          null,
          null,
          0,
          0,
          0,
          0,
          0,
          0,
          0,
          null,
          null,
          0,
          0,
          0,
          0,
          null,
          0,
          null,
          0,
          0,
          0,
          null,
          null,
          0,
          0,
          0,
          0
        ],
        "branches": {
        }
      },
      "/home/muzz00ka/Desktop/T3A2-budget-tracker-app/budget_tracker_app_backend/app/controllers/goals_controller.rb": {
        "lines": [
          0,
          0,
          null,
          null,
          0,
          0,
          null,
          0,
          0,
          null,
          null,
          0,
          0,
          0,
          0,
          0,
          null,
          null,
          0,
          0,
          null,
          0,
          0,
          0,
          0,
          0,
          0,
          null,
          null,
          0,
          0,
          0,
          0,
          0,
          0,
          0,
          null,
          null,
          0,
          0,
          0,
          0,
          null,
          0,
          null,
          0,
          0,
          0,
          null,
          null,
          0,
          0,
          0,
          0
        ],
        "branches": {
        }
      }
    },
    "timestamp": 1611803770
  }
}
